Build started 2017/8/2 8:59:13.
     1>Project "E:\git\MemoryLeakDect\MemoryLeak\MemoryLeak_1\MemoryLeak_1.vcxproj" on node 2 (build target(s)).
     1>InitializeBuildStatus:
         Touching "Debug\MemoryLeak_1.unsuccessfulbuild".
       ClCompile:
         All outputs are up-to-date.
         C:\Program Files (x86)\Microsoft Visual Studio 10.0\VC\bin\CL.exe /c /I"C:\Program Files (x86)\Visual Leak Detector\include" /ZI /nologo /W3 /WX- /Od /Oy- /D WIN32 /D _DEBUG /D _CONSOLE /D _UNICODE /D UNICODE /Gm /EHsc /RTC1 /MDd /GS /fp:precise /Zc:wchar_t /Zc:forScope /Fo"Debug\\" /Fd"Debug\vc100.pdb" /Gd /TP /analyze- /errorReport:prompt MemoryLeak_1.cpp
         MemoryLeak_1.cpp
       ManifestResourceCompile:
         C:\Program Files (x86)\Microsoft SDKs\Windows\v7.0A\bin\rc.exe /nologo /fo"Debug\MemoryLeak_1.exe.embed.manifest.res" Debug\MemoryLeak_1_manifest.rc 
       Link:
         C:\Program Files (x86)\Microsoft Visual Studio 10.0\VC\bin\link.exe /ERRORREPORT:PROMPT /OUT:"E:\git\MemoryLeakDect\MemoryLeak\Debug\MemoryLeak_1.exe" /INCREMENTAL /NOLOGO /LIBPATH:"C:\Program Files (x86)\Visual Leak Detector\lib\Win32" opencv_ml249d.lib opencv_calib3d249d.lib opencv_contrib249d.lib opencv_core249d.lib opencv_features2d249d.lib opencv_flann249d.lib opencv_gpu249d.lib opencv_highgui249d.lib opencv_imgproc249d.lib opencv_legacy249d.lib opencv_objdetect249d.lib opencv_ts249d.lib opencv_video249d.lib opencv_nonfree249d.lib opencv_ocl249d.lib opencv_photo249d.lib opencv_stitching249d.lib opencv_superres249d.lib opencv_videostab249d.lib opencv_objdetect249.lib opencv_ts249.lib opencv_video249.lib opencv_nonfree249.lib opencv_ocl249.lib opencv_photo249.lib opencv_stitching249.lib opencv_superres249.lib opencv_videostab249.lib opencv_calib3d249.lib opencv_contrib249.lib opencv_core249.lib opencv_features2d249.lib opencv_flann249.lib opencv_gpu249.lib opencv_highgui249.lib opencv_imgproc249.lib opencv_legacy249.lib opencv_ml249.lib kernel32.lib user32.lib gdi32.lib winspool.lib comdlg32.lib advapi32.lib shell32.lib ole32.lib oleaut32.lib uuid.lib odbc32.lib odbccp32.lib /MANIFEST /ManifestFile:"Debug\MemoryLeak_1.exe.intermediate.manifest" /MANIFESTUAC:"level='asInvoker' uiAccess='false'" /DEBUG /PDB:"E:\git\MemoryLeakDect\MemoryLeak\Debug\MemoryLeak_1.pdb" /SUBSYSTEM:CONSOLE /TLBID:1 /DYNAMICBASE /NXCOMPAT /IMPLIB:"E:\git\MemoryLeakDect\MemoryLeak\Debug\MemoryLeak_1.lib" /MACHINE:X86 Debug\MemoryLeak_1.exe.embed.manifest.res
         Debug\MemoryLeak_1.obj
         Debug\stdafx.obj
       Manifest:
         C:\Program Files (x86)\Microsoft SDKs\Windows\v7.0A\bin\mt.exe /nologo /verbose /out:"Debug\MemoryLeak_1.exe.embed.manifest" /manifest Debug\MemoryLeak_1.exe.intermediate.manifest
         C:\Program Files (x86)\Microsoft SDKs\Windows\v7.0A\bin\rc.exe /nologo /fo"Debug\MemoryLeak_1.exe.embed.manifest.res" Debug\MemoryLeak_1_manifest.rc 
       LinkEmbedManifest:
         C:\Program Files (x86)\Microsoft Visual Studio 10.0\VC\bin\link.exe /ERRORREPORT:PROMPT /OUT:"E:\git\MemoryLeakDect\MemoryLeak\Debug\MemoryLeak_1.exe" /INCREMENTAL /NOLOGO /LIBPATH:"C:\Program Files (x86)\Visual Leak Detector\lib\Win32" opencv_ml249d.lib opencv_calib3d249d.lib opencv_contrib249d.lib opencv_core249d.lib opencv_features2d249d.lib opencv_flann249d.lib opencv_gpu249d.lib opencv_highgui249d.lib opencv_imgproc249d.lib opencv_legacy249d.lib opencv_objdetect249d.lib opencv_ts249d.lib opencv_video249d.lib opencv_nonfree249d.lib opencv_ocl249d.lib opencv_photo249d.lib opencv_stitching249d.lib opencv_superres249d.lib opencv_videostab249d.lib opencv_objdetect249.lib opencv_ts249.lib opencv_video249.lib opencv_nonfree249.lib opencv_ocl249.lib opencv_photo249.lib opencv_stitching249.lib opencv_superres249.lib opencv_videostab249.lib opencv_calib3d249.lib opencv_contrib249.lib opencv_core249.lib opencv_features2d249.lib opencv_flann249.lib opencv_gpu249.lib opencv_highgui249.lib opencv_imgproc249.lib opencv_legacy249.lib opencv_ml249.lib kernel32.lib user32.lib gdi32.lib winspool.lib comdlg32.lib advapi32.lib shell32.lib ole32.lib oleaut32.lib uuid.lib odbc32.lib odbccp32.lib /MANIFEST /ManifestFile:"Debug\MemoryLeak_1.exe.intermediate.manifest" /MANIFESTUAC:"level='asInvoker' uiAccess='false'" /DEBUG /PDB:"E:\git\MemoryLeakDect\MemoryLeak\Debug\MemoryLeak_1.pdb" /SUBSYSTEM:CONSOLE /TLBID:1 /DYNAMICBASE /NXCOMPAT /IMPLIB:"E:\git\MemoryLeakDect\MemoryLeak\Debug\MemoryLeak_1.lib" /MACHINE:X86 Debug\MemoryLeak_1.exe.embed.manifest.res
         Debug\MemoryLeak_1.obj
         Debug\stdafx.obj
         MemoryLeak_1.vcxproj -> E:\git\MemoryLeakDect\MemoryLeak\Debug\MemoryLeak_1.exe
       FinalizeBuildStatus:
         Deleting file "Debug\MemoryLeak_1.unsuccessfulbuild".
         Touching "Debug\MemoryLeak_1.lastbuildstate".
     1>Done Building Project "E:\git\MemoryLeakDect\MemoryLeak\MemoryLeak_1\MemoryLeak_1.vcxproj" (build target(s)).

Build succeeded.

Time Elapsed 00:00:01.12
